<?xml version="1.0" encoding="UTF-8"?>
<!-- Generated by org.testng.reporters.JUnitXMLReporter -->
<testsuite ignored="0" hostname="Shuvekshya" failures="0" tests="16" name="Default test" time="49.232" errors="0" timestamp="2024-07-10T17:30:34 NPT">
  <testcase classname="automation_project_final.user_authenticationPage" name="Register" time="1.815"/>
  <testcase classname="automation_project_final.user_authenticationPage" name="login" time="2.047"/>
  <testcase classname="automation_project_final.user_dashboard" name="view_items" time="5.949"/>
  <testcase classname="automation_project_final.user_dashboard" name="addtocart_single" time="4.308"/>
  <testcase classname="automation_project_final.user_dashboard" name="addtocart_multiple" time="9.617"/>
  <testcase classname="automation_project_final.user_dashboard" name="checkout" time="3.918"/>
  <testcase classname="automation_project_final.user_dashboard" name="Myorders" time="2.909"/>
  <testcase classname="automation_project_final.user_dashboard" name="search_exist" time="5.133"/>
  <testcase classname="automation_project_final.user_dashboard" name="search_not_exist" time="3.914"/>
  <testcase classname="automation_project_final.user_dashboard" name="logout" time="1.058"/>
  <testcase classname="automation_project_final.admin_authentication" name="login_admin" time="1.383"/>
  <testcase classname="automation_project_final.admin_dashboard" name="processOrder" time="1.408"/>
  <testcase classname="automation_project_final.admin_dashboard" name="Addcat" time="1.122"/>
  <testcase classname="automation_project_final.admin_dashboard" name="Adddog" time="1.526"/>
  <testcase classname="automation_project_final.admin_dashboard" name="Addfish" time="1.566"/>
  <testcase classname="automation_project_final.admin_dashboard" name="viewCompletedorders" time="1.35"/>
</testsuite> <!-- Default test -->
